make --dry-run --always-make --keep-going --print-directory
make: Entering directory '/home/wwc/os/xv6'
 
gcc -fno-pic -static -fno-builtin -fno-strict-aliasing -O2 -Wall -MD -ggdb -m32 -Werror -fno-omit-frame-pointer -fno-stack-protector -fno-pic -O -nostdinc -I. -c bootmain.c
gcc -fno-pic -static -fno-builtin -fno-strict-aliasing -O2 -Wall -MD -ggdb -m32 -Werror -fno-omit-frame-pointer -fno-stack-protector -fno-pic -nostdinc -I. -c bootasm.S
ld -m    elf_i386 -N -e start -Ttext 0x7C00 -o bootblock.o bootasm.o bootmain.o
objdump -S bootblock.o > bootblock.asm
objcopy -S -O binary -j .text bootblock.o bootblock
./sign.pl bootblock
 
gcc -fno-pic -static -fno-builtin -fno-strict-aliasing -O2 -Wall -MD -ggdb -m32 -Werror -fno-omit-frame-pointer -fno-stack-protector   -c -o bio.o bio.c
 
gcc -fno-pic -static -fno-builtin -fno-strict-aliasing -O2 -Wall -MD -ggdb -m32 -Werror -fno-omit-frame-pointer -fno-stack-protector   -c -o console.o console.c
 
gcc -fno-pic -static -fno-builtin -fno-strict-aliasing -O2 -Wall -MD -ggdb -m32 -Werror -fno-omit-frame-pointer -fno-stack-protector   -c -o exec.o exec.c
 
gcc -fno-pic -static -fno-builtin -fno-strict-aliasing -O2 -Wall -MD -ggdb -m32 -Werror -fno-omit-frame-pointer -fno-stack-protector   -c -o file.o file.c
 
gcc -fno-pic -static -fno-builtin -fno-strict-aliasing -O2 -Wall -MD -ggdb -m32 -Werror -fno-omit-frame-pointer -fno-stack-protector   -c -o fs.o fs.c
 
gcc -fno-pic -static -fno-builtin -fno-strict-aliasing -O2 -Wall -MD -ggdb -m32 -Werror -fno-omit-frame-pointer -fno-stack-protector   -c -o ide.o ide.c
gcc -fno-pic -static -fno-builtin -fno-strict-aliasing -O2 -Wall -MD -ggdb -m32 -Werror -fno-omit-frame-pointer -fno-stack-protector   -c -o ioapic.o ioapic.c
 
gcc -fno-pic -static -fno-builtin -fno-strict-aliasing -O2 -Wall -MD -ggdb -m32 -Werror -fno-omit-frame-pointer -fno-stack-protector   -c -o kalloc.o kalloc.c
 
gcc -fno-pic -static -fno-builtin -fno-strict-aliasing -O2 -Wall -MD -ggdb -m32 -Werror -fno-omit-frame-pointer -fno-stack-protector   -c -o kbd.o kbd.c
 
gcc -fno-pic -static -fno-builtin -fno-strict-aliasing -O2 -Wall -MD -ggdb -m32 -Werror -fno-omit-frame-pointer -fno-stack-protector   -c -o lapic.o lapic.c
 
gcc -fno-pic -static -fno-builtin -fno-strict-aliasing -O2 -Wall -MD -ggdb -m32 -Werror -fno-omit-frame-pointer -fno-stack-protector   -c -o log.o log.c
 
gcc -fno-pic -static -fno-builtin -fno-strict-aliasing -O2 -Wall -MD -ggdb -m32 -Werror -fno-omit-frame-pointer -fno-stack-protector   -c -o main.o main.c
 
gcc -fno-pic -static -fno-builtin -fno-strict-aliasing -O2 -Wall -MD -ggdb -m32 -Werror -fno-omit-frame-pointer -fno-stack-protector   -c -o mp.o mp.c
 
gcc -fno-pic -static -fno-builtin -fno-strict-aliasing -O2 -Wall -MD -ggdb -m32 -Werror -fno-omit-frame-pointer -fno-stack-protector   -c -o picirq.o picirq.c
 
gcc -fno-pic -static -fno-builtin -fno-strict-aliasing -O2 -Wall -MD -ggdb -m32 -Werror -fno-omit-frame-pointer -fno-stack-protector   -c -o pipe.o pipe.c
 
gcc -fno-pic -static -fno-builtin -fno-strict-aliasing -O2 -Wall -MD -ggdb -m32 -Werror -fno-omit-frame-pointer -fno-stack-protector   -c -o proc.o proc.c
 
gcc -fno-pic -static -fno-builtin -fno-strict-aliasing -O2 -Wall -MD -ggdb -m32 -Werror -fno-omit-frame-pointer -fno-stack-protector   -c -o spinlock.o spinlock.c
 
gcc -fno-pic -static -fno-builtin -fno-strict-aliasing -O2 -Wall -MD -ggdb -m32 -Werror -fno-omit-frame-pointer -fno-stack-protector   -c -o string.o string.c
gcc -m32 -gdwarf-2 -Wa,-divide   -c -o swtch.o swtch.S
 
gcc -fno-pic -static -fno-builtin -fno-strict-aliasing -O2 -Wall -MD -ggdb -m32 -Werror -fno-omit-frame-pointer -fno-stack-protector   -c -o syscall.o syscall.c
 
gcc -fno-pic -static -fno-builtin -fno-strict-aliasing -O2 -Wall -MD -ggdb -m32 -Werror -fno-omit-frame-pointer -fno-stack-protector   -c -o sysfile.o sysfile.c
 
gcc -fno-pic -static -fno-builtin -fno-strict-aliasing -O2 -Wall -MD -ggdb -m32 -Werror -fno-omit-frame-pointer -fno-stack-protector   -c -o sysproc.o sysproc.c
 
gcc -fno-pic -static -fno-builtin -fno-strict-aliasing -O2 -Wall -MD -ggdb -m32 -Werror -fno-omit-frame-pointer -fno-stack-protector   -c -o timer.o timer.c
gcc -m32 -gdwarf-2 -Wa,-divide   -c -o trapasm.o trapasm.S
 
gcc -fno-pic -static -fno-builtin -fno-strict-aliasing -O2 -Wall -MD -ggdb -m32 -Werror -fno-omit-frame-pointer -fno-stack-protector   -c -o trap.o trap.c
 
gcc -fno-pic -static -fno-builtin -fno-strict-aliasing -O2 -Wall -MD -ggdb -m32 -Werror -fno-omit-frame-pointer -fno-stack-protector   -c -o uart.o uart.c
perl vectors.pl > vectors.S
gcc -m32 -gdwarf-2 -Wa,-divide   -c -o vectors.o vectors.S
 
gcc -fno-pic -static -fno-builtin -fno-strict-aliasing -O2 -Wall -MD -ggdb -m32 -Werror -fno-omit-frame-pointer -fno-stack-protector   -c -o vm.o vm.c
 
gcc -m32 -gdwarf-2 -Wa,-divide   -c -o entry.o entry.S
 
gcc -fno-pic -static -fno-builtin -fno-strict-aliasing -O2 -Wall -MD -ggdb -m32 -Werror -fno-omit-frame-pointer -fno-stack-protector -fno-pic -nostdinc -I. -c entryother.S
ld -m    elf_i386 -N -e start -Ttext 0x7000 -o bootblockother.o entryother.o
objcopy -S -O binary -j .text bootblockother.o entryother
objdump -S bootblockother.o > entryother.asm
 
gcc -fno-pic -static -fno-builtin -fno-strict-aliasing -O2 -Wall -MD -ggdb -m32 -Werror -fno-omit-frame-pointer -fno-stack-protector -nostdinc -I. -c initcode.S
ld -m    elf_i386 -N -e start -Ttext 0 -o initcode.out initcode.o
objcopy -S -O binary initcode.out initcode
objdump -S initcode.o > initcode.asm
 
ld -m    elf_i386 -T kernel.ld -o kernel entry.o bio.o console.o exec.o file.o fs.o ide.o ioapic.o kalloc.o kbd.o lapic.o log.o main.o mp.o picirq.o pipe.o proc.o spinlock.o string.o swtch.o syscall.o sysfile.o sysproc.o timer.o trapasm.o trap.o uart.o vectors.o vm.o  -b binary initcode entryother
objdump -S kernel > kernel.asm
objdump -t kernel | sed '1,/SYMBOL TABLE/d; s/ .* / /; /^$/d' > kernel.sym
 
gcc -Werror -Wall -o mkfs mkfs.c
 
gcc -fno-pic -static -fno-builtin -fno-strict-aliasing -O2 -Wall -MD -ggdb -m32 -Werror -fno-omit-frame-pointer -fno-stack-protector   -c -o cat.o cat.c
 
gcc -fno-pic -static -fno-builtin -fno-strict-aliasing -O2 -Wall -MD -ggdb -m32 -Werror -fno-omit-frame-pointer -fno-stack-protector   -c -o ulib.o ulib.c
gcc -m32 -gdwarf-2 -Wa,-divide   -c -o usys.o usys.S
 
gcc -fno-pic -static -fno-builtin -fno-strict-aliasing -O2 -Wall -MD -ggdb -m32 -Werror -fno-omit-frame-pointer -fno-stack-protector   -c -o printf.o printf.c
 
gcc -fno-pic -static -fno-builtin -fno-strict-aliasing -O2 -Wall -MD -ggdb -m32 -Werror -fno-omit-frame-pointer -fno-stack-protector   -c -o umalloc.o umalloc.c
 
ld -m    elf_i386 -N -e main -Ttext 0 -o _cat cat.o ulib.o usys.o printf.o umalloc.o
objdump -S _cat > cat.asm
objdump -t _cat | sed '1,/SYMBOL TABLE/d; s/ .* / /; /^$/d' > cat.sym
 
gcc -fno-pic -static -fno-builtin -fno-strict-aliasing -O2 -Wall -MD -ggdb -m32 -Werror -fno-omit-frame-pointer -fno-stack-protector   -c -o echo.o echo.c
 
ld -m    elf_i386 -N -e main -Ttext 0 -o _echo echo.o ulib.o usys.o printf.o umalloc.o
objdump -S _echo > echo.asm
objdump -t _echo | sed '1,/SYMBOL TABLE/d; s/ .* / /; /^$/d' > echo.sym
 
gcc -fno-pic -static -fno-builtin -fno-strict-aliasing -O2 -Wall -MD -ggdb -m32 -Werror -fno-omit-frame-pointer -fno-stack-protector   -c -o forktest.o forktest.c
 
# forktest has less library code linked in - needs to be small
# in order to be able to max out the proc table.
ld -m    elf_i386 -N -e main -Ttext 0 -o _forktest forktest.o ulib.o usys.o
objdump -S _forktest > forktest.asm
 
gcc -fno-pic -static -fno-builtin -fno-strict-aliasing -O2 -Wall -MD -ggdb -m32 -Werror -fno-omit-frame-pointer -fno-stack-protector   -c -o grep.o grep.c
 
ld -m    elf_i386 -N -e main -Ttext 0 -o _grep grep.o ulib.o usys.o printf.o umalloc.o
objdump -S _grep > grep.asm
objdump -t _grep | sed '1,/SYMBOL TABLE/d; s/ .* / /; /^$/d' > grep.sym
 
gcc -fno-pic -static -fno-builtin -fno-strict-aliasing -O2 -Wall -MD -ggdb -m32 -Werror -fno-omit-frame-pointer -fno-stack-protector   -c -o init.o init.c
 
ld -m    elf_i386 -N -e main -Ttext 0 -o _init init.o ulib.o usys.o printf.o umalloc.o
objdump -S _init > init.asm
objdump -t _init | sed '1,/SYMBOL TABLE/d; s/ .* / /; /^$/d' > init.sym
 
gcc -fno-pic -static -fno-builtin -fno-strict-aliasing -O2 -Wall -MD -ggdb -m32 -Werror -fno-omit-frame-pointer -fno-stack-protector   -c -o kill.o kill.c
 
ld -m    elf_i386 -N -e main -Ttext 0 -o _kill kill.o ulib.o usys.o printf.o umalloc.o
objdump -S _kill > kill.asm
objdump -t _kill | sed '1,/SYMBOL TABLE/d; s/ .* / /; /^$/d' > kill.sym
 
gcc -fno-pic -static -fno-builtin -fno-strict-aliasing -O2 -Wall -MD -ggdb -m32 -Werror -fno-omit-frame-pointer -fno-stack-protector   -c -o ln.o ln.c
 
ld -m    elf_i386 -N -e main -Ttext 0 -o _ln ln.o ulib.o usys.o printf.o umalloc.o
objdump -S _ln > ln.asm
objdump -t _ln | sed '1,/SYMBOL TABLE/d; s/ .* / /; /^$/d' > ln.sym
 
gcc -fno-pic -static -fno-builtin -fno-strict-aliasing -O2 -Wall -MD -ggdb -m32 -Werror -fno-omit-frame-pointer -fno-stack-protector   -c -o ls.o ls.c
 
ld -m    elf_i386 -N -e main -Ttext 0 -o _ls ls.o ulib.o usys.o printf.o umalloc.o
objdump -S _ls > ls.asm
objdump -t _ls | sed '1,/SYMBOL TABLE/d; s/ .* / /; /^$/d' > ls.sym
 
gcc -fno-pic -static -fno-builtin -fno-strict-aliasing -O2 -Wall -MD -ggdb -m32 -Werror -fno-omit-frame-pointer -fno-stack-protector   -c -o mkdir.o mkdir.c
 
ld -m    elf_i386 -N -e main -Ttext 0 -o _mkdir mkdir.o ulib.o usys.o printf.o umalloc.o
objdump -S _mkdir > mkdir.asm
objdump -t _mkdir | sed '1,/SYMBOL TABLE/d; s/ .* / /; /^$/d' > mkdir.sym
 
gcc -fno-pic -static -fno-builtin -fno-strict-aliasing -O2 -Wall -MD -ggdb -m32 -Werror -fno-omit-frame-pointer -fno-stack-protector   -c -o rm.o rm.c
 
ld -m    elf_i386 -N -e main -Ttext 0 -o _rm rm.o ulib.o usys.o printf.o umalloc.o
objdump -S _rm > rm.asm
objdump -t _rm | sed '1,/SYMBOL TABLE/d; s/ .* / /; /^$/d' > rm.sym
 
gcc -fno-pic -static -fno-builtin -fno-strict-aliasing -O2 -Wall -MD -ggdb -m32 -Werror -fno-omit-frame-pointer -fno-stack-protector   -c -o sh.o sh.c
 
ld -m    elf_i386 -N -e main -Ttext 0 -o _sh sh.o ulib.o usys.o printf.o umalloc.o
objdump -S _sh > sh.asm
objdump -t _sh | sed '1,/SYMBOL TABLE/d; s/ .* / /; /^$/d' > sh.sym
 
gcc -fno-pic -static -fno-builtin -fno-strict-aliasing -O2 -Wall -MD -ggdb -m32 -Werror -fno-omit-frame-pointer -fno-stack-protector   -c -o stressfs.o stressfs.c
 
ld -m    elf_i386 -N -e main -Ttext 0 -o _stressfs stressfs.o ulib.o usys.o printf.o umalloc.o
objdump -S _stressfs > stressfs.asm
objdump -t _stressfs | sed '1,/SYMBOL TABLE/d; s/ .* / /; /^$/d' > stressfs.sym
 
gcc -fno-pic -static -fno-builtin -fno-strict-aliasing -O2 -Wall -MD -ggdb -m32 -Werror -fno-omit-frame-pointer -fno-stack-protector   -c -o usertests.o usertests.c
 
ld -m    elf_i386 -N -e main -Ttext 0 -o _usertests usertests.o ulib.o usys.o printf.o umalloc.o
objdump -S _usertests > usertests.asm
objdump -t _usertests | sed '1,/SYMBOL TABLE/d; s/ .* / /; /^$/d' > usertests.sym
 
gcc -fno-pic -static -fno-builtin -fno-strict-aliasing -O2 -Wall -MD -ggdb -m32 -Werror -fno-omit-frame-pointer -fno-stack-protector   -c -o wc.o wc.c
ld -m    elf_i386 -N -e main -Ttext 0 -o _wc wc.o ulib.o usys.o printf.o umalloc.o
objdump -S _wc > wc.asm
objdump -t _wc | sed '1,/SYMBOL TABLE/d; s/ .* / /; /^$/d' > wc.sym
 
gcc -fno-pic -static -fno-builtin -fno-strict-aliasing -O2 -Wall -MD -ggdb -m32 -Werror -fno-omit-frame-pointer -fno-stack-protector   -c -o zombie.o zombie.c
ld -m    elf_i386 -N -e main -Ttext 0 -o _zombie zombie.o ulib.o usys.o printf.o umalloc.o
objdump -S _zombie > zombie.asm
objdump -t _zombie | sed '1,/SYMBOL TABLE/d; s/ .* / /; /^$/d' > zombie.sym
 
gcc -fno-pic -static -fno-builtin -fno-strict-aliasing -O2 -Wall -MD -ggdb -m32 -Werror -fno-omit-frame-pointer -fno-stack-protector   -c -o threadtest.o threadtest.c
 
ld -m    elf_i386 -N -e main -Ttext 0 -o _threadtest threadtest.o ulib.o usys.o printf.o umalloc.o
objdump -S _threadtest > threadtest.asm
objdump -t _threadtest | sed '1,/SYMBOL TABLE/d; s/ .* / /; /^$/d' > threadtest.sym
./mkfs fs.img README _cat _echo _forktest _grep _init _kill _ln _ls _mkdir _rm _sh _stressfs _usertests _wc _zombie _threadtest 
dd if=/dev/zero of=xv6.img count=10000
dd if=bootblock of=xv6.img conv=notrunc
dd if=kernel of=xv6.img seek=1 conv=notrunc
make: Leaving directory '/home/wwc/os/xv6'
 
