make all --print-data-base --no-builtin-variables --no-builtin-rules --question
make: *** No rule to make target 'all'.  Stop.

# GNU Make 4.2.1
# Built for x86_64-pc-linux-gnu
# Copyright (C) 1988-2016 Free Software Foundation, Inc.
# License GPLv3+: GNU GPL version 3 or later <http://gnu.org/licenses/gpl.html>
# This is free software: you are free to change and redistribute it.
# There is NO WARRANTY, to the extent permitted by law.

# Make data base, printed on Fri Jun 10 13:31:31 2022

# Variables

# 'override' directive
GNUMAKEFLAGS := 
# automatic
<D = $(patsubst %/,%,$(dir $<))
# automatic
?F = $(notdir $?)
# environment
PAPERSIZE = a4
# environment
DESKTOP_SESSION = ubuntu
# default
.SHELLFLAGS := -c
# makefile (from 'Makefile', line 58)
QEMU = $(shell if which qemu > /dev/null; then echo qemu; exit; elif which qemu-system-i386 > /dev/null; then echo qemu-system-i386; exit; else qemu=/Applications/Q.app/Contents/MacOS/i386-softmmu.app/Contents/MacOS/i386-softmmu; if test -x $$qemu; then echo $$qemu; exit; fi; fi; echo "***" 1>&2; echo "*** Error: Couldn't find a working QEMU executable." 1>&2; echo "*** Is the directory containing the qemu binary in your PATH" 1>&2; echo "*** or have you tried setting the QEMU variable in Makefile?" 1>&2; echo "***" 1>&2; exit 1)
# environment
XDG_SESSION_CLASS = user
# environment
XDG_SESSION_TYPE = x11
# environment
VSCODE_LOG_NATIVE = false
# automatic
?D = $(patsubst %/,%,$(dir $?))
# environment
IM_CONFIG_PHASE = 1
# automatic
@D = $(patsubst %/,%,$(dir $@))
# environment
XAUTHORITY = /run/user/1000/gdm/Xauthority
# environment
GDMSESSION = ubuntu
# environment
XMODIFIERS = @im=ibus
# makefile
CURDIR := /home/wwc/os/xv6
# makefile
SHELL = /bin/sh
# environment
VSCODE_NLS_CONFIG = {"locale":"zh-cn","availableLanguages":{"*":"zh-cn"},"_languagePackId":"42e84e0914b17800d483f69e299e1b00.zh-cn","_translationsConfigFile":"/home/wwc/.config/Code/clp/42e84e0914b17800d483f69e299e1b00.zh-cn/tcf.json","_cacheRoot":"/home/wwc/.config/Code/clp/42e84e0914b17800d483f69e299e1b00.zh-cn","_resolvedLanguagePackCoreLocation":"/home/wwc/.config/Code/clp/42e84e0914b17800d483f69e299e1b00.zh-cn/c3511e6c69bb39013c4a4b7b9566ec1ca73fc4d5","_corruptedFile":"/home/wwc/.config/Code/clp/42e84e0914b17800d483f69e299e1b00.zh-cn/corrupted.info","_languagePackSupport":true}
# environment
_ = /usr/share/code/code
# makefile (from 'Makefile', line 79)
CFLAGS = -fno-pic -static -fno-builtin -fno-strict-aliasing -O2 -Wall -MD -ggdb -m32 -Werror -fno-omit-frame-pointer $(shell $(CC) -fno-stack-protector -E -x c /dev/null >/dev/null 2>&1 && echo -fno-stack-protector)
# environment
JOURNAL_STREAM = 8:57402
# environment
XDG_CONFIG_DIRS = /etc/xdg/xdg-ubuntu:/etc/xdg
# makefile (from 'Makefile', line 206)
GDBPORT = $(shell expr `id -u` % 5000 + 25000)
# makefile (from 'zombie.d', line 1)
MAKEFILE_LIST :=  Makefile echo.d printf.d bio.d init.d ioapic.d kill.d lapic.d mp.d pipe.d mkdir.d umalloc.d kalloc.d grep.d timer.d string.d syscall.d console.d sysfile.d ln.d stressfs.d spinlock.d threadtest.d picirq.d kbd.d bootmain.d null.d exec.d wc.d ulib.d file.d initcode.d uart.d rm.d log.d sysproc.d entryother.d ls.d vm.d forktest.d proc.d fs.d trap.d ide.d sh.d bootasm.d usertests.d main.d cat.d zombie.d
# automatic
@F = $(notdir $@)
# environment
GIO_LAUNCHED_DESKTOP_FILE = /usr/share/applications/code.desktop
# environment
USERNAME = wwc
# environment
MAKELEVEL := 0
# makefile (from 'Makefile', line 208)
QEMUGDB = $(shell if $(QEMU) -help | grep -q '^-gdb'; then echo "-gdb tcp::$(GDBPORT)"; else echo "-s -p $(GDBPORT)"; fi)
# environment
XDG_DATA_DIRS = /usr/share/ubuntu:/usr/local/share/:/usr/share/:/var/lib/snapd/desktop
# environment
DBUS_SESSION_BUS_ADDRESS = unix:path=/run/user/1000/bus
# environment
VSCODE_VERBOSE_LOGGING = true
# makefile (from 'Makefile', line 242)
EXTRA = mkfs.c ulib.c user.h cat.c echo.c forktest.c grep.c kill.c ln.c ls.c mkdir.c rm.c stressfs.c usertests.c wc.c zombie.c printf.c umalloc.c README dot-bochsrc *.pl toc.* runoff runoff1 runoff.list .gdbinit.tmpl gdbutil 
# makefile (from 'Makefile', line 73)
AS = $(TOOLPREFIX)gas
# makefile (from 'Makefile', line 1)
OBJS = bio.o console.o exec.o file.o fs.o ide.o ioapic.o kalloc.o kbd.o lapic.o log.o main.o mp.o picirq.o pipe.o proc.o spinlock.o string.o swtch.o syscall.o sysfile.o sysproc.o timer.o trapasm.o trap.o uart.o vectors.o vm.o 
# environment
MANAGERPID = 1765
# environment
LESSOPEN = | /usr/bin/lesspipe %s
# environment
LC_NAME = zh_CN.UTF-8
# environment
VSCODE_CWD = /home/wwc
# default
MAKE_HOST := x86_64-pc-linux-gnu
# environment
PATH = /usr/local/sbin:/usr/local/bin:/usr/sbin:/usr/bin:/sbin:/bin:/usr/games:/usr/local/games:/snap/bin
# makefile (from 'Makefile', line 74)
LD = $(TOOLPREFIX)ld
# environment
GPG_AGENT_INFO = /run/user/1000/gnupg/S.gpg-agent:0:1
# environment
GJS_DEBUG_OUTPUT = stderr
# environment
SESSION_MANAGER = local/wwc:@/tmp/.ICE-unix/1974,unix/wwc:/tmp/.ICE-unix/1974
# environment
XDG_RUNTIME_DIR = /run/user/1000
# makefile (from 'Makefile', line 212)
CPUS := 1
# environment
XDG_MENU_PREFIX = gnome-
# environment
VSCODE_LOG_STACK = false
# environment
ELECTRON_RUN_AS_NODE = 1
# environment
INVOCATION_ID = 8efcb29d09d7410ab6a5cfb23e5647d2
# makefile (from 'Makefile', line 82)
LDFLAGS = -m $(shell $(LD) -V | grep elf_i386 2>/dev/null)
# makefile (from 'Makefile', line 137)
ULIB = ulib.o usys.o printf.o umalloc.o
# default
.FEATURES := target-specific order-only second-expansion else-if shortest-stem undefine oneshell archives jobserver output-sync check-symlink load
# environment
LS_COLORS = 
# environment
XDG_SESSION_DESKTOP = ubuntu
# environment
SSH_AUTH_SOCK = /run/user/1000/keyring/ssh
# environment
GIO_LAUNCHED_DESKTOP_FILE_PID = 4779
# automatic
%F = $(notdir $%)
# environment
DISPLAY = :0
# environment
VSCODE_PIPE_LOGGING = true
# environment
PWD = /home/wwc/os/xv6
# default
.LOADED := 
# environment
SSH_AGENT_PID = 1939
# environment
ORIGINAL_XDG_CURRENT_DESKTOP = ubuntu:GNOME
# environment
GTK_MODULES = gail:atk-bridge
# environment
VSCODE_AMD_ENTRYPOINT = vs/workbench/api/node/extensionHostProcess
# environment
HOME = /home/wwc
# environment
LESSCLOSE = /usr/bin/lesspipe %s %s
# environment
VSCODE_CODE_CACHE_PATH = /home/wwc/.config/Code/CachedData/c3511e6c69bb39013c4a4b7b9566ec1ca73fc4d5
# environment
LOGNAME = wwc
# environment
APPLICATION_INSIGHTS_NO_DIAGNOSTIC_CHANNEL = 1
# automatic
+F = $(notdir $+)
# environment
VSCODE_HANDLES_UNCAUGHT_ERRORS = true
# environment
GNOME_DESKTOP_SESSION_ID = this-is-deprecated
# automatic
^D = $(patsubst %/,%,$(dir $^))
# environment
LC_TIME = zh_CN.UTF-8
# default
MAKE = $(MAKE_COMMAND)
# default
MAKECMDGOALS := all
# environment
QT_IM_MODULE = ibus
# environment
SHLVL = 0
# makefile (from 'Makefile', line 72)
CC = $(TOOLPREFIX)gcc
# makefile (from 'Makefile', line 39)
TOOLPREFIX := 
# environment
GNOME_SHELL_SESSION_MODE = ubuntu
# environment
VSCODE_IPC_HOOK_EXTHOST = /run/user/1000/vscode-ipc-07a5ed03-44ed-4467-b5e7-041255683144.sock
# makefile (from 'Makefile', line 80)
ASFLAGS = -m32 -gdwarf-2 -Wa,-divide
# default
MAKE_VERSION := 4.2.1
# environment
USER = wwc
# makefile (from 'Makefile', line 191)
PRINT = runoff.list runoff.spec README toc.hdr toc.ftr $(FILES)
# environment
LC_MONETARY = zh_CN.UTF-8
# makefile
.DEFAULT_GOAL := xv6.img
# environment
XDG_CURRENT_DESKTOP = Unity
# automatic
%D = $(patsubst %/,%,$(dir $%))
# environment
LC_TELEPHONE = zh_CN.UTF-8
# default
MAKE_COMMAND := make
# default
.VARIABLES := 
# automatic
*F = $(notdir $*)
# environment
LANGUAGE = zh_CN:en_US:en
# environment
VSCODE_IPC_HOOK = /run/user/1000/vscode-c8fbaa93-1.67.2-main.sock
# makefile
MAKEFLAGS = pqrR
# environment
MFLAGS = -pqrR
# automatic
*D = $(patsubst %/,%,$(dir $*))
# makefile (from 'Makefile', line 125)
MEMFSOBJS = $(filter-out ide.o,$(OBJS)) memide.o
# automatic
+D = $(patsubst %/,%,$(dir $+))
# makefile (from 'Makefile', line 76)
OBJDUMP = $(TOOLPREFIX)objdump
# environment
GDK_BACKEND = x11
# environment
LC_PAPER = zh_CN.UTF-8
# environment
QT_ACCESSIBILITY = 1
# makefile (from 'Makefile', line 214)
QEMUOPTS = -drive file=fs.img,index=1,media=disk,format=raw -drive file=xv6.img,index=0,media=disk,format=raw -smp $(CPUS) -m 512 $(QEMUEXTRA)
# 'override' directive
.SHELLSTATUS := 0
# default
MAKEFILES := 
# environment
LC_NUMERIC = zh_CN.UTF-8
# automatic
<F = $(notdir $<)
# environment
LC_MEASUREMENT = zh_CN.UTF-8
# environment
LC_ALL = C
# environment
GJS_DEBUG_TOPICS = JS ERROR;JS LOG
# automatic
^F = $(notdir $^)
# makefile (from 'Makefile', line 75)
OBJCOPY = $(TOOLPREFIX)objcopy
# default
SUFFIXES := 
# makefile (from 'Makefile', line 159)
UPROGS = _cat _echo _forktest _grep _init _kill _ln _ls _mkdir _rm _sh _stressfs _usertests _wc _zombie _threadtest 
# environment
CHROME_DESKTOP = code-url-handler.desktop
# environment
WINDOWPATH = 2
# default
.INCLUDE_DIRS = /usr/include /usr/local/include /usr/include
# environment
LC_IDENTIFICATION = zh_CN.UTF-8
# default
.RECIPEPREFIX := 
 
# environment
LC_ADDRESS = zh_CN.UTF-8
# environment
LANG = C
# environment
VSCODE_PID = 4779
# makefile (from 'Makefile', line 190)
FILES = $(shell grep -v '^#' runoff.list)
# variable set hash-table stats:
# Load=130/1024=13%, Rehash=0, Collisions=26/275=9%

# Pattern-specific Variable Values

# No pattern-specific variable values.

# Directories

# . (device 2053, inode 2109435): 269 files, no impossibilities.

# 269 files, no impossibilities in 1 directories.

# Implicit Rules

_%: %.o ulib.o usys.o printf.o umalloc.o
#  recipe to execute (from 'Makefile', line 140):
	$(LD) $(LDFLAGS) -N -e main -Ttext 0 -o $@ $^
	$(OBJDUMP) -S $@ > $*.asm
	$(OBJDUMP) -t $@ | sed '1,/SYMBOL TABLE/d; s/ .* / /; /^$$/d' > $*.sym

# 1 implicit rules, 0 (0.0%) terminal.

# Files

# Not a target:
mmu.h:
#  Implicit rule search has not been done.
#  Modification time never checked.
#  File has not been updated.

# Not a target:
types.h:
#  Implicit rule search has not been done.
#  Modification time never checked.
#  File has not been updated.

# Not a target:
memlayout.h:
#  Implicit rule search has not been done.
#  Modification time never checked.
#  File has not been updated.

xv6.pdf: runoff.list runoff.spec README toc.hdr toc.ftr types.h param.h memlayout.h defs.h x86.h asm.h mmu.h elf.h entry.S entryother.S main.c spinlock.h spinlock.c vm.c proc.h proc.c swtch.S kalloc.c traps.h vectors.pl trapasm.S trap.c syscall.h syscall.c sysproc.c buf.h fcntl.h stat.h fs.h file.h ide.c bio.c log.c fs.c file.c sysfile.c exec.c pipe.c string.c mp.h mp.c lapic.c ioapic.c picirq.c kbd.h kbd.c console.c timer.c uart.c initcode.S usys.S init.c sh.c bootasm.S bootmain.c
#  Implicit rule search has not been done.
#  Modification time never checked.
#  File has not been updated.
#  recipe to execute (from 'Makefile', line 194):
	./runoff
	ls -l xv6.pdf

wc.o: wc.c /usr/include/stdc-predef.h types.h stat.h user.h
#  Implicit rule search has not been done.
#  Modification time never checked.
#  File has not been updated.

# Not a target:
_grep:
#  Implicit rule search has not been done.
#  Modification time never checked.
#  File has not been updated.

# Not a target:
console.d:
#  Implicit rule search has been done.
#  Last modified 2022-06-09 23:00:31.664281
#  File has been updated.
#  Successfully updated.

qemu: fs.img xv6.img
#  Implicit rule search has not been done.
#  Modification time never checked.
#  File has not been updated.
#  recipe to execute (from 'Makefile', line 217):
	$(QEMU) -serial mon:stdio $(QEMUOPTS)

# Not a target:
_threadtest:
#  Implicit rule search has not been done.
#  Modification time never checked.
#  File has not been updated.

kbd.o: kbd.c /usr/include/stdc-predef.h types.h x86.h defs.h kbd.h
#  Implicit rule search has not been done.
#  Modification time never checked.
#  File has not been updated.

# Not a target:
pipe.c:
#  Implicit rule search has not been done.
#  Modification time never checked.
#  File has not been updated.

picirq.o: picirq.c /usr/include/stdc-predef.h types.h x86.h traps.h
#  Implicit rule search has not been done.
#  Modification time never checked.
#  File has not been updated.

qemu-memfs: xv6memfs.img
#  Implicit rule search has not been done.
#  Modification time never checked.
#  File has not been updated.
#  recipe to execute (from 'Makefile', line 220):
	$(QEMU) -drive file=xv6memfs.img,index=0,media=disk,format=raw -smp $(CPUS) -m 256

# Not a target:
stressfs.c:
#  Implicit rule search has not been done.
#  Modification time never checked.
#  File has not been updated.

qemu-nox-gdb: fs.img xv6.img .gdbinit
#  Implicit rule search has not been done.
#  Modification time never checked.
#  File has not been updated.
#  recipe to execute (from 'Makefile', line 233):
	@echo "*** Now run 'gdb'." 1>&2
	$(QEMU) -nographic $(QEMUOPTS) -S $(QEMUGDB)

spinlock.o: spinlock.c /usr/include/stdc-predef.h types.h defs.h param.h x86.h memlayout.h mmu.h proc.h spinlock.h
#  Implicit rule search has not been done.
#  Modification time never checked.
#  File has not been updated.

# Not a target:
init.c:
#  Implicit rule search has not been done.
#  Modification time never checked.
#  File has not been updated.

# Not a target:
x86.h:
#  Implicit rule search has not been done.
#  Modification time never checked.
#  File has not been updated.

# Not a target:
all:
#  Command line target.
#  Implicit rule search has been done.
#  File does not exist.
#  File has not been updated.

# Not a target:
_ln:
#  Implicit rule search has not been done.
#  Modification time never checked.
#  File has not been updated.

bio.o: bio.c /usr/include/stdc-predef.h types.h defs.h param.h spinlock.h fs.h buf.h
#  Implicit rule search has not been done.
#  Modification time never checked.
#  File has not been updated.

sysfile.o: sysfile.c /usr/include/stdc-predef.h types.h defs.h param.h stat.h mmu.h proc.h fs.h file.h fcntl.h
#  Implicit rule search has not been done.
#  Modification time never checked.
#  File has not been updated.

# Not a target:
fcntl.h:
#  Implicit rule search has not been done.
#  Modification time never checked.
#  File has not been updated.

# Not a target:
proc.d:
#  Implicit rule search has been done.
#  Last modified 2022-06-09 23:00:32.680277
#  File has been updated.
#  Successfully updated.

.PHONY: dist-test dist
#  Implicit rule search has not been done.
#  Modification time never checked.
#  File has not been updated.

# Not a target:
forktest.d:
#  Implicit rule search has been done.
#  Last modified 2022-06-09 23:00:33.740274
#  File has been updated.
#  Successfully updated.

# Not a target:
vm.d:
#  Implicit rule search has been done.
#  Last modified 2022-06-09 23:00:33.308275
#  File has been updated.
#  Successfully updated.

# Not a target:
string.c:
#  Implicit rule search has not been done.
#  Modification time never checked.
#  File has not been updated.

# Not a target:
syscall.h:
#  Implicit rule search has not been done.
#  Modification time never checked.
#  File has not been updated.

# Not a target:
stat.h:
#  Implicit rule search has not been done.
#  Modification time never checked.
#  File has not been updated.

bootblock: bootasm.S bootmain.c
#  Implicit rule search has not been done.
#  Modification time never checked.
#  File has not been updated.
#  recipe to execute (from 'Makefile', line 95):
	$(CC) $(CFLAGS) -fno-pic -O -nostdinc -I. -c bootmain.c
	$(CC) $(CFLAGS) -fno-pic -nostdinc -I. -c bootasm.S
	$(LD) $(LDFLAGS) -N -e start -Ttext 0x7C00 -o bootblock.o bootasm.o bootmain.o
	$(OBJDUMP) -S bootblock.o > bootblock.asm
	$(OBJCOPY) -S -O binary -j .text bootblock.o bootblock
	./sign.pl bootblock

# Not a target:
zombie.c:
#  Implicit rule search has not been done.
#  Modification time never checked.
#  File has not been updated.

# Not a target:
cat.c:
#  Implicit rule search has not been done.
#  Modification time never checked.
#  File has not been updated.

# Not a target:
bio.c:
#  Implicit rule search has not been done.
#  Modification time never checked.
#  File has not been updated.

# Not a target:
main.c:
#  Implicit rule search has not been done.
#  Modification time never checked.
#  File has not been updated.

grep.o: grep.c /usr/include/stdc-predef.h types.h stat.h user.h
#  Implicit rule search has not been done.
#  Modification time never checked.
#  File has not been updated.

.PRECIOUS: %.o
#  Implicit rule search has not been done.
#  Modification time never checked.
#  File has not been updated.

kalloc.o: kalloc.c /usr/include/stdc-predef.h types.h defs.h param.h memlayout.h mmu.h spinlock.h
#  Implicit rule search has not been done.
#  Modification time never checked.
#  File has not been updated.

# Not a target:
README:
#  Implicit rule search has not been done.
#  Modification time never checked.
#  File has not been updated.

# Not a target:
trapasm.S:
#  Implicit rule search has not been done.
#  Modification time never checked.
 
#  File has not been updated.

umalloc.o: umalloc.c /usr/include/stdc-predef.h types.h stat.h user.h param.h
#  Implicit rule search has not been done.
#  Modification time never checked.
#  File has not been updated.

string.o: string.c /usr/include/stdc-predef.h types.h x86.h
#  Implicit rule search has not been done.
#  Modification time never checked.
#  File has not been updated.

mkdir.o: mkdir.c /usr/include/stdc-predef.h types.h stat.h user.h
#  Implicit rule search has not been done.
#  Modification time never checked.
#  File has not been updated.

# Not a target:
file.d:
#  Implicit rule search has been done.
#  Last modified 2022-06-09 23:00:31.80028
#  File has been updated.
#  Successfully updated.

# Not a target:
_mkdir:
#  Implicit rule search has not been done.
#  Modification time never checked.
#  File has not been updated.

# Not a target:
rm.d:
#  Implicit rule search has been done.
#  Last modified 2022-06-09 23:00:34.192273
#  File has been updated.
#  Successfully updated.

# Not a target:
uart.d:
#  Implicit rule search has been done.
#  Last modified 2022-06-09 23:00:33.164276
#  File has been updated.
#  Successfully updated.

# Not a target:
sh.c:
#  Implicit rule search has not been done.
#  Modification time never checked.
#  File has not been updated.

mp.o: mp.c /usr/include/stdc-predef.h types.h defs.h param.h memlayout.h mp.h x86.h mmu.h proc.h
#  Implicit rule search has not been done.
#  Modification time never checked.
#  File has not been updated.

# Not a target:
ide.c:
#  Implicit rule search has not been done.
#  Modification time never checked.
#  File has not been updated.

# Not a target:
printf.d:
#  Implicit rule search has been done.
#  Last modified 2022-06-09 23:00:33.564275
#  File has been updated.
#  Successfully updated.

# Not a target:
ulib.d:
#  Implicit rule search has been done.
#  Last modified 2022-06-09 23:00:33.488275
#  File has been updated.
#  Successfully updated.

lapic.o: lapic.c /usr/include/stdc-predef.h param.h types.h defs.h date.h memlayout.h traps.h mmu.h x86.h proc.h
#  Implicit rule search has not been done.
#  Modification time never checked.
#  File has not been updated.

ioapic.o: ioapic.c /usr/include/stdc-predef.h types.h defs.h traps.h
#  Implicit rule search has not been done.
#  Modification time never checked.
#  File has not been updated.

initcode.o: initcode.S syscall.h traps.h
#  Implicit rule search has not been done.
#  Modification time never checked.
#  File has not been updated.

# Not a target:
exec.c:
#  Implicit rule search has not been done.
#  Modification time never checked.
#  File has not been updated.

# Not a target:
traps.h:
#  Implicit rule search has not been done.
#  Modification time never checked.
#  File has not been updated.

# Not a target:
fs.c:
#  Implicit rule search has not been done.
#  Modification time never checked.
#  File has not been updated.

# Not a target:
_init:
#  Implicit rule search has not been done.
#  Modification time never checked.
#  File has not been updated.

# Not a target:
timer.c:
#  Implicit rule search has not been done.
#  Modification time never checked.
#  File has not been updated.

# Not a target:
ln.d:
#  Implicit rule search has been done.
#  Last modified 2022-06-09 23:00:34.000273
#  File has been updated.
#  Successfully updated.

# Not a target:
bootmain.d:
#  Implicit rule search has been done.
#  Last modified 2022-05-21 21:35:40.126135
#  File has been updated.
#  Successfully updated.

tags: bio.o console.o exec.o file.o fs.o ide.o ioapic.o kalloc.o kbd.o lapic.o log.o main.o mp.o picirq.o pipe.o proc.o spinlock.o string.o swtch.o syscall.o sysfile.o sysproc.o timer.o trapasm.o trap.o uart.o vectors.o vm.o entryother.S _init
#  Implicit rule search has not been done.
#  Modification time never checked.
#  File has not been updated.
#  recipe to execute (from 'Makefile', line 132):
 
	etags *.S *.c

print: xv6.pdf
#  Implicit rule search has not been done.
#  Modification time never checked.
#  File has not been updated.

# Not a target:
threadtest.d:
#  Implicit rule search has been done.
#  Last modified 2022-06-09 23:00:35.06027
#  File has been updated.
#  Successfully updated.

# Not a target:
%.o:
#  Precious file (prerequisite of .PRECIOUS).
#  Implicit rule search has not been done.
#  Modification time never checked.
#  File has not been updated.

# Not a target:
Makefile:
#  Implicit rule search has been done.
#  Last modified 2022-06-09 23:00:01.048515
#  File has been updated.
#  Successfully updated.

kernel: bio.o console.o exec.o file.o fs.o ide.o ioapic.o kalloc.o kbd.o lapic.o log.o main.o mp.o picirq.o pipe.o proc.o spinlock.o string.o swtch.o syscall.o sysfile.o sysproc.o timer.o trapasm.o trap.o uart.o vectors.o vm.o entry.o entryother initcode kernel.ld
#  Implicit rule search has not been done.
#  Modification time never checked.
#  File has not been updated.
#  recipe to execute (from 'Makefile', line 115):
	$(LD) $(LDFLAGS) -T kernel.ld -o kernel entry.o $(OBJS) -b binary initcode entryother
	$(OBJDUMP) -S kernel > kernel.asm
	$(OBJDUMP) -t kernel | sed '1,/SYMBOL TABLE/d; s/ .* / /; /^$$/d' > kernel.sym

# Not a target:
rm.c:
#  Implicit rule search has not been done.
#  Modification time never checked.
#  File has not been updated.

# Not a target:
ls.c:
#  Implicit rule search has not been done.
#  Modification time never checked.
#  File has not been updated.

# Not a target:
stressfs.d:
#  Implicit rule search has been done.
#  Last modified 2022-06-09 23:00:34.416272
#  File has been updated.
#  Successfully updated.

kernelmemfs: bio.o console.o exec.o file.o fs.o ioapic.o kalloc.o kbd.o lapic.o log.o main.o mp.o picirq.o pipe.o proc.o spinlock.o string.o swtch.o syscall.o sysfile.o sysproc.o timer.o trapasm.o trap.o uart.o vectors.o vm.o memide.o entry.o entryother initcode kernel.ld fs.img
#  Implicit rule search has not been done.
#  Modification time never checked.
#  File has not been updated.
#  recipe to execute (from 'Makefile', line 127):
	$(LD) $(LDFLAGS) -T kernel.ld -o kernelmemfs entry.o  $(MEMFSOBJS) -b binary initcode entryother fs.img
	$(OBJDUMP) -S kernelmemfs > kernelmemfs.asm
	$(OBJDUMP) -t kernelmemfs | sed '1,/SYMBOL TABLE/d; s/ .* / /; /^$$/d' > kernelmemfs.sym

# Not a target:
kill.d:
#  Implicit rule search has been done.
#  Last modified 2022-06-09 23:00:33.944273
#  File has been updated.
#  Successfully updated.

# Not a target:
sysproc.c:
#  Implicit rule search has not been done.
#  Modification time never checked.
#  File has not been updated.

# Not a target:
.gdbinit.tmpl:
#  Implicit rule search has not been done.
#  Modification time never checked.
#  File has not been updated.

# Not a target:
log.c:
#  Implicit rule search has not been done.
#  Modification time never checked.
#  File has not been updated.

# Not a target:
_stressfs:
#  Implicit rule search has not been done.
#  Modification time never checked.
#  File has not been updated.

rm.o: rm.c /usr/include/stdc-predef.h types.h stat.h user.h
#  Implicit rule search has not been done.
#  Modification time never checked.
#  File has not been updated.

console.o: console.c /usr/include/stdc-predef.h types.h defs.h param.h traps.h spinlock.h fs.h file.h memlayout.h mmu.h proc.h x86.h
#  Implicit rule search has not been done.
#  Modification time never checked.
#  File has not been updated.

# Not a target:
elf.h:
#  Implicit rule search has not been done.
#  Modification time never checked.
#  File has not been updated.

# Not a target:
syscall.d:
#  Implicit rule search has been done.
#  Last modified 2022-06-09 23:00:32.812277
#  File has been updated.
#  Successfully updated.

# Not a target:
echo.d:
#  Implicit rule search has been done.
#  Last modified 2022-06-09 23:00:33.676274
#  File has been updated.
#  Successfully updated.

# Not a target:
asm.h:
#  Implicit rule search has not been done.
#  Modification time never checked.
#  File has not been updated.

_forktest: forktest.o ulib.o usys.o printf.o umalloc.o
#  Implicit rule search has not been done.
#  Modification time never checked.
#  File has not been updated.
#  recipe to execute (from 'Makefile', line 145):
	# forktest has less library code linked in - needs to be small
	# in order to be able to max out the proc table.
	$(LD) $(LDFLAGS) -N -e main -Ttext 0 -o _forktest forktest.o ulib.o usys.o
	$(OBJDUMP) -S _forktest > forktest.asm

# Not a target:
ide.d:
#  Implicit rule search has been done.
#  Last modified 2022-06-09 23:00:32.056279
#  File has been updated.
#  Successfully updated.

# Not a target:
wc.c:
#  Implicit rule search has not been done.
#  Modification time never checked.
#  File has not been updated.

# Not a target:
fs.h:
#  Implicit rule search has not been done.
#  Modification time never checked.
#  File has not been updated.

# Not a target:
kbd.c:
#  Implicit rule search has not been done.
#  Modification time never checked.
#  File has not been updated.

# Not a target:
entry.o:
#  Implicit rule search has not been done.
#  Modification time never checked.
#  File has not been updated.

# Not a target:
picirq.c:
#  Implicit rule search has not been done.
#  Modification time never checked.
#  File has not been updated.

# Not a target:
vm.c:
#  Implicit rule search has not been done.
#  Modification time never checked.
#  File has not been updated.

proc.o: proc.c /usr/include/stdc-predef.h types.h defs.h param.h memlayout.h mmu.h x86.h proc.h spinlock.h
#  Implicit rule search has not been done.
#  Modification time never checked.
#  File has not been updated.

# Not a target:
pipe.d:
#  Implicit rule search has been done.
#  Last modified 2022-06-09 23:00:32.540278
#  File has been updated.
#  Successfully updated.

# Not a target:
param.h:
#  Implicit rule search has not been done.
#  Modification time never checked.
#  File has not been updated.

# Not a target:
usertests.d:
#  Implicit rule search has been done.
#  Last modified 2022-06-09 23:00:34.844271
#  File has been updated.
#  Successfully updated.

forktest.o: forktest.c /usr/include/stdc-predef.h types.h stat.h user.h
#  Implicit rule search has not been done.
#  Modification time never checked.
#  File has not been updated.

# Not a target:
spinlock.c:
#  Implicit rule search has not been done.
#  Modification time never checked.
#  File has not been updated.

 
# Not a target:
trap.c:
#  Implicit rule search has not been done.
#  Modification time never checked.
#  File has not been updated.

# Not a target:
vectors.o:
#  Implicit rule search has not been done.
#  Modification time never checked.
#  File has not been updated.

# Not a target:
init.d:
#  Implicit rule search has been done.
#  Last modified 2022-06-09 23:00:33.888274
#  File has been updated.
#  Successfully updated.

# Not a target:
sysfile.c:
#  Implicit rule search has not been done.
#  Modification time never checked.
#  File has not been updated.

vm.o: vm.c /usr/include/stdc-predef.h param.h types.h defs.h x86.h memlayout.h mmu.h proc.h elf.h
#  Implicit rule search has not been done.
#  Modification time never checked.
#  File has not been updated.

# Not a target:
usys.o:
#  Implicit rule search has not been done.
#  Modification time never checked.
#  File has not been updated.

# Not a target:
_rm:
#  Implicit rule search has not been done.
#  Modification time never checked.
#  File has not been updated.

file.o: file.c /usr/include/stdc-predef.h types.h defs.h param.h fs.h file.h spinlock.h
#  Implicit rule search has not been done.
#  Modification time never checked.
#  File has not been updated.

# Not a target:
toc.hdr:
#  Implicit rule search has not been done.
#  Modification time never checked.
#  File has not been updated.

uart.o: uart.c /usr/include/stdc-predef.h types.h defs.h param.h traps.h spinlock.h fs.h file.h mmu.h proc.h x86.h
#  Implicit rule search has not been done.
#  Modification time never checked.
#  File has not been updated.

# Not a target:
vectors.pl:
#  Implicit rule search has not been done.
#  Modification time never checked.
#  File has not been updated.

# Not a target:
user.h:
#  Implicit rule search has not been done.
#  Modification time never checked.
#  File has not been updated.

initcode: initcode.S
#  Implicit rule search has not been done.
#  Modification time never checked.
#  File has not been updated.
#  recipe to execute (from 'Makefile', line 109):
	$(CC) $(CFLAGS) -nostdinc -I. -c initcode.S
	$(LD) $(LDFLAGS) -N -e start -Ttext 0 -o initcode.out initcode.o
	$(OBJCOPY) -S -O binary initcode.out initcode
	$(OBJDUMP) -S initcode.o > initcode.asm

# Not a target:
swtch.S:
#  Implicit rule search has not been done.
#  Modification time never checked.
#  File has not been updated.

printf.o: printf.c /usr/include/stdc-predef.h types.h stat.h user.h
#  Implicit rule search has not been done.
#  Modification time never checked.
#  File has not been updated.

ulib.o: ulib.c /usr/include/stdc-predef.h types.h stat.h fcntl.h user.h x86.h
#  Implicit rule search has not been done.
#  Modification time never checked.
#  File has not been updated.

# Not a target:
grep.c:
#  Implicit rule search has not been done.
#  Modification time never checked.
#  File has not been updated.

fs.img: mkfs README _cat _echo _forktest _grep _init _kill _ln _ls _mkdir _rm _sh _stressfs _usertests _wc _zombie _threadtest
#  Implicit rule search has not been done.
#  Modification time never checked.
#  File has not been updated.
#  recipe to execute (from 'Makefile', line 178):
	./mkfs fs.img README $(UPROGS)

# Not a target:
zombie.d:
#  Implicit rule search has been done.
#  Last modified 2022-06-09 23:00:34.98827
#  File has been updated.
#  Successfully updated.

# Not a target:
cat.d:
#  Implicit rule search has been done.
#  Last modified 2022-06-09 23:00:33.420275
#  File has been updated.
#  Successfully updated.

# Not a target:
main.d:
#  Implicit rule search has been done.
#  Last modified 2022-06-09 23:00:32.404278
#  File has been updated.
#  Successfully updated.

# Not a target:
kalloc.c:
#  Implicit rule search has not been done.
#  Modification time never checked.
#  File has not been updated.

# Not a target:
bootasm.d:
#  Implicit rule search has been done.
#  Last modified 2022-05-21 21:35:40.138135
#  File has been updated.
#  Successfully updated.

# Not a target:
umalloc.c:
#  Implicit rule search has not been done.
#  Modification time never checked.
#  File has not been updated.

# Not a target:
ln.c:
#  Implicit rule search has not been done.
#  Modification time never checked.
#  File has not been updated.

# Not a target:
mkdir.c:
#  Implicit rule search has not been done.
#  Modification time never checked.
#  File has not been updated.

bochs: fs.img xv6.img
#  Implicit rule search has not been done.
#  Modification time never checked.
#  File has not been updated.
#  recipe to execute (from 'Makefile', line 202):
	if [ ! -e .bochsrc ]; then ln -s dot-bochsrc .bochsrc; fi
	bochs -q

null.o: /dev/null /usr/include/stdc-predef.h
#  Implicit rule search has not been done.
#  Modification time never checked.
#  File has not been updated.

# Not a target:
_sh:
#  Implicit rule search has not been done.
#  Modification time never checked.
#  File has not been updated.

# Not a target:
kbd.h:
#  Implicit rule search has not been done.
#  Modification time never checked.
#  File has not been updated.

bootmain.o: bootmain.c types.h elf.h x86.h memlayout.h
#  Implicit rule search has not been done.
#  Modification time never checked.
#  File has not been updated.

# Not a target:
mp.c:
#  Implicit rule search has not been done.
#  Modification time never checked.
#  File has not been updated.

threadtest.o: threadtest.c /usr/include/stdc-predef.h types.h user.h
#  Implicit rule search has not been done.
#  Modification time never checked.
#  File has not been updated.

# Not a target:
_cat:
#  Implicit rule search has not been done.
#  Modification time never checked.
#  File has not been updated.

# Not a target:
sh.d:
#  Implicit rule search has been done.
#  Last modified 2022-06-09 23:00:34.352272
#  File has been updated.
#  Successfully updated.

# Not a target:
runoff.list:
#  Implicit rule search has not been done.
#  Modification time never checked.
#  File has not been updated.

# Not a target:
_echo:
#  Implicit rule search has not been done.
#  Modification time never checked.
#  File has not been updated.

# Not a target:
spinlock.h:
#  Implicit rule search has not been done.
#  Modification time never checked.
#  File has not been updated.

# Not a target:
lapic.c:
#  Implicit rule search has not been done.
#  Modification time never checked.
#  File has not been updated.

# Not a target:
trap.d:
#  Implicit rule search has been done.
#  Last modified 2022-06-09 23:00:33.112276
#  File has been updated.
#  Successfully updated.

# Not a target:
ioapic.c:
#  Implicit rule search has not been done.
#  Modification time never checked.
#  File has not been updated.

ln.o: ln.c /usr/include/stdc-predef.h types.h stat.h user.h
#  Implicit rule search has not been done.
#  Modification time never checked.
#  File has not been updated.

stressfs.o: stressfs.c /usr/include/stdc-predef.h types.h stat.h user.h fs.h fcntl.h
#  Implicit rule search has not been done.
#  Modification time never checked.
#  File has not been updated.

 
# Not a target:
.DEFAULT:
#  Implicit rule search has not been done.
#  Modification time never checked.
#  File has not been updated.

mkfs: mkfs.c fs.h
#  Implicit rule search has not been done.
#  Modification time never checked.
#  File has not been updated.
#  recipe to execute (from 'Makefile', line 151):
	gcc -Werror -Wall -o mkfs mkfs.c

# Not a target:
initcode.d:
#  Implicit rule search has been done.
#  Last modified 2022-05-21 21:35:42.306183
#  File has been updated.
#  Successfully updated.

xv6.img: bootblock kernel fs.img
#  Implicit rule search has not been done.
#  Modification time never checked.
#  File has not been updated.
#  recipe to execute (from 'Makefile', line 85):
	dd if=/dev/zero of=xv6.img count=10000
	dd if=bootblock of=xv6.img conv=notrunc
	dd if=kernel of=xv6.img seek=1 conv=notrunc

# Not a target:
_kill:
#  Implicit rule search has not been done.
#  Modification time never checked.
#  File has not been updated.

kill.o: kill.c /usr/include/stdc-predef.h types.h stat.h user.h
#  Implicit rule search has not been done.
#  Modification time never checked.
#  File has not been updated.

# Not a target:
entry.S:
#  Implicit rule search has not been done.
#  Modification time never checked.
#  File has not been updated.

# Not a target:
fs.d:
#  Implicit rule search has been done.
#  Last modified 2022-06-09 23:00:31.98828
#  File has been updated.
#  Successfully updated.

xv6memfs.img: bootblock kernelmemfs
#  Implicit rule search has not been done.
#  Modification time never checked.
#  File has not been updated.
#  recipe to execute (from 'Makefile', line 90):
	dd if=/dev/zero of=xv6memfs.img count=10000
	dd if=bootblock of=xv6memfs.img conv=notrunc
	dd if=kernelmemfs of=xv6memfs.img seek=1 conv=notrunc

# Not a target:
timer.d:
#  Implicit rule search has been done.
#  Last modified 2022-06-09 23:00:33.056276
#  File has been updated.
#  Successfully updated.

# Not a target:
entryother.d:
#  Implicit rule search has been done.
#  Last modified 2022-05-21 21:35:42.274182
#  File has been updated.
#  Successfully updated.

dist-test:
#  Phony target (prerequisite of .PHONY).
#  Implicit rule search has not been done.
#  File does not exist.
#  File has not been updated.
#  recipe to execute (from 'Makefile', line 261):
	rm -rf dist
	make dist
	rm -rf dist-test
	mkdir dist-test
	cp dist/* dist-test
	cd dist-test; $(MAKE) print
	cd dist-test; $(MAKE) bochs || true
	cd dist-test; $(MAKE) qemu

syscall.o: syscall.c /usr/include/stdc-predef.h types.h defs.h param.h memlayout.h mmu.h proc.h x86.h syscall.h
#  Implicit rule search has not been done.
#  Modification time never checked.
#  File has not been updated.

echo.o: echo.c /usr/include/stdc-predef.h types.h stat.h user.h
#  Implicit rule search has not been done.
#  Modification time never checked.
#  File has not been updated.

# Not a target:
file.h:
#  Implicit rule search has not been done.
#  Modification time never checked.
#  File has not been updated.

qemu-gdb: fs.img xv6.img .gdbinit
#  Implicit rule search has not been done.
#  Modification time never checked.
#  File has not been updated.
#  recipe to execute (from 'Makefile', line 229):
	@echo "*** Now run 'gdb'." 1>&2
	$(QEMU) -serial mon:stdio $(QEMUOPTS) -S $(QEMUGDB)

entryother.o: entryother.S asm.h memlayout.h mmu.h
#  Implicit rule search has not been done.
#  Modification time never checked.
#  File has not been updated.

# Not a target:
ls.d:
#  Implicit rule search has been done.
#  Last modified 2022-06-09 23:00:34.076273
#  File has been updated.
#  Successfully updated.

entryother: entryother.S
#  Implicit rule search has not been done.
#  Modification time never checked.
#  File has not been updated.
#  recipe to execute (from 'Makefile', line 103):
	$(CC) $(CFLAGS) -fno-pic -nostdinc -I. -c entryother.S
	$(LD) $(LDFLAGS) -N -e start -Ttext 0x7000 -o bootblockother.o entryother.o
	$(OBJCOPY) -S -O binary -j .text bootblockother.o entryother
	$(OBJDUMP) -S bootblockother.o > entryother.asm

# Not a target:
sysproc.d:
#  Implicit rule search has been done.
#  Last modified 2022-06-09 23:00:33.024276
#  File has been updated.
#  Successfully updated.

clean:
#  Implicit rule search has not been done.
#  Modification time never checked.
#  File has not been updated.
#  recipe to execute (from 'Makefile', line 183):
	rm -f *.tex *.dvi *.idx *.aux *.log *.ind *.ilg \
	*.o *.d *.asm *.sym vectors.S bootblock entryother \
	initcode initcode.out kernel xv6.img fs.img kernelmemfs mkfs \
	.gdbinit \
	$(UPROGS)

# Not a target:
console.c:
#  Implicit rule search has not been done.
#  Modification time never checked.
#  File has not been updated.

# Not a target:
log.d:
#  Implicit rule search has been done.
#  Last modified 2022-06-09 23:00:32.356278
#  File has been updated.
#  Successfully updated.

# Not a target:
kill.c:
#  Implicit rule search has not been done.
#  Modification time never checked.
#  File has not been updated.

# Not a target:
usertests.c:
#  Implicit rule search has not been done.
#  Modification time never checked.
#  File has not been updated.

# Not a target:
mp.h:
#  Implicit rule search has not been done.
#  Modification time never checked.
#  File has not been updated.

pipe.o: pipe.c /usr/include/stdc-predef.h types.h defs.h param.h mmu.h proc.h fs.h file.h spinlock.h
#  Implicit rule search has not been done.
#  Modification time never checked.
#  File has not been updated.

# Not a target:
/dev/null:
#  Implicit rule search has not been done.
#  Modification time never checked.
#  File has not been updated.

tar:
#  Implicit rule search has not been done.
#  Modification time never checked.
#  File has not been updated.
#  recipe to execute (from 'Makefile', line 273):
	rm -rf /tmp/xv6
	mkdir -p /tmp/xv6
	cp dist/* dist/.gdbinit.tmpl /tmp/xv6
	(cd /tmp; tar cf - xv6) | gzip >xv6-rev9.tar.gz  # the next one will be 9 (6/27/15)

dist:
#  Phony target (prerequisite of .PHONY).
#  Implicit rule search has not been done.
#  File does not exist.
#  File has not been updated.
#  recipe to execute (from 'Makefile', line 250):
	rm -rf dist
	mkdir dist
	for i in $(FILES); \
	do \
		grep -v PAGEBREAK $$i >dist/$$i; \
	done
	sed '/CUT HERE/,$$d' Makefile >dist/Makefile
	echo >dist/runoff.spec
	cp $(EXTRA) dist

# Not a target:
runoff.spec:
#  Implicit rule search has not been done.
#  Modification time never checked.
#  File has not been updated.

# Not a target:
wc.d:
#  Implicit rule search has been done.
#  Last modified 2022-06-09 23:00:34.94027
#  File has been updated.
#  Successfully updated.

init.o: init.c /usr/include/stdc-predef.h types.h stat.h user.h fcntl.h
#  Implicit rule search has not been done.
#  Modification time never checked.
#  File has not been updated.

usertests.o: usertests.c /usr/include/stdc-predef.h param.h types.h stat.h user.h fs.h fcntl.h syscall.h traps.h memlayout.h
#  Implicit rule search has not been done.
#  Modification time never checked.
#  File has not been updated.

# Not a target:
proc.c:
#  Implicit rule search has not been done.
#  Modification time never checked.
#  File has not been updated.

# Not a target:
kbd.d:
#  Implicit rule search has been done.
#  Last modified 2022-06-09 23:00:32.204279
#  File has been updated.
#  Successfully updated.

 
# Not a target:
picirq.d:
#  Implicit rule search has been done.
#  Last modified 2022-05-21 21:35:41.234159
#  File has been updated.
#  Successfully updated.

# Not a target:
forktest.c:
#  Implicit rule search has not been done.
#  Modification time never checked.
#  File has not been updated.

# Not a target:
null.d:
#  Implicit rule search has been done.
#  Last modified 2022-06-10 00:59:16.622142
#  File has been updated.
#  Successfully updated.

# Not a target:
memide.o:
#  Implicit rule search has not been done.
#  Modification time never checked.
#  File has not been updated.

vectors.S: vectors.pl
#  Implicit rule search has not been done.
#  Modification time never checked.
#  File has not been updated.
#  recipe to execute (from 'Makefile', line 135):
	perl vectors.pl > vectors.S

# Not a target:
spinlock.d:
#  Implicit rule search has been done.
#  Last modified 2022-06-09 23:00:32.752277
#  File has been updated.
#  Successfully updated.

# Not a target:
usys.S:
#  Implicit rule search has not been done.
#  Modification time never checked.
#  File has not been updated.

qemu-nox: fs.img xv6.img
#  Implicit rule search has not been done.
#  Modification time never checked.
#  File has not been updated.
#  recipe to execute (from 'Makefile', line 223):
	$(QEMU) -nographic $(QEMUOPTS)

# Not a target:
_zombie:
#  Implicit rule search has not been done.
#  Modification time never checked.
#  File has not been updated.

zombie.o: zombie.c /usr/include/stdc-predef.h types.h stat.h user.h
#  Implicit rule search has not been done.
#  Modification time never checked.
#  File has not been updated.

# Not a target:
bio.d:
#  Implicit rule search has been done.
#  Last modified 2022-06-09 23:00:31.540281
#  File has been updated.
#  Successfully updated.

cat.o: cat.c /usr/include/stdc-predef.h types.h stat.h user.h
#  Implicit rule search has not been done.
#  Modification time never checked.
#  File has not been updated.

main.o: main.c /usr/include/stdc-predef.h types.h defs.h param.h memlayout.h mmu.h proc.h x86.h
#  Implicit rule search has not been done.
#  Modification time never checked.
#  File has not been updated.

# Not a target:
sysfile.d:
#  Implicit rule search has been done.
#  Last modified 2022-06-09 23:00:32.960276
#  File has been updated.
#  Successfully updated.

bootasm.o: bootasm.S asm.h memlayout.h mmu.h
#  Implicit rule search has not been done.
#  Modification time never checked.
#  File has not been updated.

# Not a target:
file.c:
#  Implicit rule search has not been done.
#  Modification time never checked.
#  File has not been updated.

# Not a target:
defs.h:
#  Implicit rule search has not been done.
#  Modification time never checked.
#  File has not been updated.

# Not a target:
uart.c:
#  Implicit rule search has not been done.
#  Modification time never checked.
#  File has not been updated.

# Not a target:
initcode.S:
#  Implicit rule search has not been done.
#  Modification time never checked.
#  File has not been updated.

# Not a target:
bootasm.S:
#  Implicit rule search has not been done.
#  Modification time never checked.
#  File has not been updated.

# Not a target:
trapasm.o:
#  Implicit rule search has not been done.
#  Modification time never checked.
#  File has not been updated.

# Not a target:
string.d:
#  Implicit rule search has been done.
#  Last modified 2022-05-21 21:35:41.582167
#  File has been updated.
#  Successfully updated.

sh.o: sh.c /usr/include/stdc-predef.h types.h user.h fcntl.h
#  Implicit rule search has not been done.
#  Modification time never checked.
#  File has not been updated.

# Not a target:
printf.c:
#  Implicit rule search has not been done.
#  Modification time never checked.
#  File has not been updated.

# Not a target:
ulib.c:
#  Implicit rule search has not been done.
#  Modification time never checked.
#  File has not been updated.

ide.o: ide.c /usr/include/stdc-predef.h types.h defs.h param.h memlayout.h mmu.h proc.h x86.h traps.h spinlock.h fs.h buf.h
#  Implicit rule search has not been done.
#  Modification time never checked.
#  File has not been updated.

trap.o: trap.c /usr/include/stdc-predef.h types.h defs.h param.h memlayout.h mmu.h proc.h x86.h traps.h spinlock.h
#  Implicit rule search has not been done.
#  Modification time never checked.
#  File has not been updated.

# Not a target:
grep.d:
#  Implicit rule search has been done.
#  Last modified 2022-06-09 23:00:33.824274
#  File has been updated.
#  Successfully updated.

# Not a target:
_usertests:
#  Implicit rule search has not been done.
#  Modification time never checked.
#  File has not been updated.

# Not a target:
exec.d:
#  Implicit rule search has been done.
#  Last modified 2022-06-09 23:00:31.732281
#  File has been updated.
#  Successfully updated.

# Not a target:
kalloc.d:
#  Implicit rule search has been done.
#  Last modified 2022-06-09 23:00:32.156279
#  File has been updated.
#  Successfully updated.

# Not a target:
umalloc.d:
#  Implicit rule search has been done.
#  Last modified 2022-06-09 23:00:33.616274
#  File has been updated.
#  Successfully updated.

exec.o: exec.c /usr/include/stdc-predef.h types.h param.h memlayout.h mmu.h proc.h defs.h x86.h elf.h
#  Implicit rule search has not been done.
#  Modification time never checked.
#  File has not been updated.

# Not a target:
mkdir.d:
#  Implicit rule search has been done.
#  Last modified 2022-06-09 23:00:34.136273
#  File has been updated.
#  Successfully updated.

# Not a target:
toc.ftr:
#  Implicit rule search has not been done.
#  Modification time never checked.
#  File has not been updated.

# Not a target:
_wc:
#  Implicit rule search has not been done.
#  Modification time never checked.
#  File has not been updated.

# Not a target:
bootmain.c:
#  Implicit rule search has not been done.
#  Modification time never checked.
#  File has not been updated.

fs.o: fs.c /usr/include/stdc-predef.h types.h defs.h param.h stat.h mmu.h proc.h spinlock.h fs.h buf.h file.h
#  Implicit rule search has not been done.
#  Modification time never checked.
#  File has not been updated.

# Not a target:
proc.h:
#  Implicit rule search has not been done.
#  Modification time never checked.
#  File has not been updated.

timer.o: timer.c /usr/include/stdc-predef.h types.h defs.h traps.h x86.h
#  Implicit rule search has not been done.
#  Modification time never checked.
#  File has not been updated.

# Not a target:
threadtest.c:
#  Implicit rule search has not been done.
#  Modification time never checked.
#  File has not been updated.

# Not a target:
mp.d:
#  Implicit rule search has been done.
#  Last modified 2022-06-09 23:00:32.468278
#  File has been updated.
#  Successfully updated.

# Not a target:
date.h:
#  Implicit rule search has not been done.
#  Modification time never checked.
#  File has not been updated.

# Not a target:
/usr/include/stdc-predef.h:
#  Implicit rule search has not been done.
#  Modification time never checked.
#  File has not been updated.

 
# Not a target:
mkfs.c:
#  Implicit rule search has not been done.
#  Modification time never checked.
#  File has not been updated.

# Not a target:
lapic.d:
#  Implicit rule search has been done.
#  Last modified 2022-06-09 23:00:32.276279
#  File has been updated.
#  Successfully updated.

# Not a target:
ioapic.d:
#  Implicit rule search has been done.
#  Last modified 2022-06-09 23:00:32.100279
#  File has been updated.
#  Successfully updated.

ls.o: ls.c /usr/include/stdc-predef.h types.h stat.h user.h fs.h
#  Implicit rule search has not been done.
#  Modification time never checked.
#  File has not been updated.

# Not a target:
_ls:
#  Implicit rule search has not been done.
#  Modification time never checked.
#  File has not been updated.

# Not a target:
kernel.ld:
#  Implicit rule search has not been done.
#  Modification time never checked.
#  File has not been updated.

sysproc.o: sysproc.c /usr/include/stdc-predef.h types.h x86.h defs.h date.h param.h memlayout.h mmu.h proc.h
#  Implicit rule search has not been done.
#  Modification time never checked.
#  File has not been updated.

# Not a target:
buf.h:
#  Implicit rule search has not been done.
#  Modification time never checked.
#  File has not been updated.

.gdbinit: .gdbinit.tmpl
#  Implicit rule search has not been done.
#  Modification time never checked.
#  File has not been updated.
#  recipe to execute (from 'Makefile', line 226):
	sed "s/localhost:1234/localhost:$(GDBPORT)/" < $^ > $@

log.o: log.c /usr/include/stdc-predef.h types.h defs.h param.h spinlock.h fs.h buf.h
#  Implicit rule search has not been done.
#  Modification time never checked.
#  File has not been updated.

# Not a target:
entryother.S:
#  Implicit rule search has not been done.
#  Modification time never checked.
#  File has not been updated.

# Not a target:
syscall.c:
#  Implicit rule search has not been done.
#  Modification time never checked.
#  File has not been updated.

# Not a target:
echo.c:
#  Implicit rule search has not been done.
#  Modification time never checked.
#  File has not been updated.

# Not a target:
swtch.o:
#  Implicit rule search has not been done.
#  Modification time never checked.
#  File has not been updated.

# files hash-table stats:
# Load=235/1024=23%, Rehash=0, Collisions=100/890=11%
# VPATH Search Paths

# No 'vpath' search paths.

# No general ('VPATH' variable) search path.

# strcache buffers: 1 (0) / strings = 299 / storage = 2490 B / avg = 8 B
# current buf: size = 8162 B / used = 2490 B / count = 299 / avg = 8 B

# strcache performance: lookups = 1097 / hit rate = 72%
# hash-table stats:
# Load=299/8192=4%, Rehash=0, Collisions=61/1097=6%
# Finished Make data base on Fri Jun 10 13:31:31 2022

 
